[ 2016-03-01T09:50:05+08:00 ] 127.0.0.1 /skin/2014/js/silder.js
INFO: [ app_init ] --START--
INFO: Run Behavior\BuildLiteBehavior [ RunTime:0.000015s ]
INFO: [ app_init ] --END-- [ RunTime:0.000352s ]
ERR: 无法加载模块:Skin

[ 2016-03-01T09:50:05+08:00 ] 127.0.0.1 /static/api/js/share.js?v=89860593.js?cdnversion=404664
INFO: [ app_init ] --START--
INFO: Run Behavior\BuildLiteBehavior [ RunTime:0.000013s ]
INFO: [ app_init ] --END-- [ RunTime:0.000316s ]
ERR: 无法加载模块:Static

[ 2016-03-01T09:50:05+08:00 ] 127.0.0.1 /cpro/ui/i.js
INFO: [ app_init ] --START--
INFO: Run Behavior\BuildLiteBehavior [ RunTime:0.000017s ]
INFO: [ app_init ] --END-- [ RunTime:0.000547s ]
ERR: 无法加载模块:Cpro

[ 2016-03-01T09:50:05+08:00 ] 127.0.0.1 /cpro/ui/cnw.js
INFO: [ app_init ] --START--
INFO: Run Behavior\BuildLiteBehavior [ RunTime:0.000012s ]
INFO: [ app_init ] --END-- [ RunTime:0.000314s ]
ERR: 无法加载模块:Cpro

[ 2016-03-01T09:50:05+08:00 ] 127.0.0.1 /cpro/ui/i.js
INFO: [ app_init ] --START--
INFO: Run Behavior\BuildLiteBehavior [ RunTime:0.000015s ]
INFO: [ app_init ] --END-- [ RunTime:0.000339s ]
ERR: 无法加载模块:Cpro

[ 2016-03-01T09:50:05+08:00 ] 127.0.0.1 /skin/2014/js/silder.js
INFO: [ app_init ] --START--
INFO: Run Behavior\BuildLiteBehavior [ RunTime:0.000015s ]
INFO: [ app_init ] --END-- [ RunTime:0.000352s ]
ERR: 无法加载模块:Skin

[ 2016-03-01T09:50:05+08:00 ] 127.0.0.1 /cpro/ui/cnw.js
INFO: [ app_init ] --START--
INFO: Run Behavior\BuildLiteBehavior [ RunTime:0.000016s ]
INFO: [ app_init ] --END-- [ RunTime:0.000454s ]
ERR: 无法加载模块:Cpro

[ 2016-03-01T09:50:05+08:00 ] 127.0.0.1 /static/api/js/share.js?v=89860593.js?cdnversion=404664
INFO: [ app_init ] --START--
INFO: Run Behavior\BuildLiteBehavior [ RunTime:0.000155s ]
INFO: [ app_init ] --END-- [ RunTime:0.000555s ]
ERR: 无法加载模块:Static

[ 2016-03-01T09:50:05+08:00 ] 127.0.0.1 /skin/blog/images/new.gif
INFO: [ app_init ] --START--
INFO: Run Behavior\BuildLiteBehavior [ RunTime:0.000015s ]
INFO: [ app_init ] --END-- [ RunTime:0.000389s ]
ERR: 无法加载模块:Skin

[ 2016-03-01T09:50:06+08:00 ] 127.0.0.1 /favicon.ico
INFO: [ app_init ] --START--
INFO: Run Behavior\BuildLiteBehavior [ RunTime:0.000018s ]
INFO: [ app_init ] --END-- [ RunTime:0.000738s ]
ERR: 无法加载模块:Favicon

