[ 2016-02-01T11:22:59+08:00 ] 127.0.0.1 /favicon.ico
INFO: [ app_init ] --START--
INFO: Run Behavior\BuildLiteBehavior [ RunTime:0.000010s ]
INFO: [ app_init ] --END-- [ RunTime:0.000263s ]
ERR: 无法加载模块:Favicon

[ 2016-02-01T14:54:58+08:00 ] 127.0.0.1 /d/file/download/div/2015-04-10/7d49c3bc8c69c01ece56611f5a7148be.png
INFO: [ app_init ] --START--
INFO: Run Behavior\BuildLiteBehavior [ RunTime:0.000015s ]
INFO: [ app_init ] --END-- [ RunTime:0.000361s ]
ERR: 无法加载模块:D

[ 2016-02-01T14:54:58+08:00 ] 127.0.0.1 /d/file/download/newsfree/2015-06-25/b28d7f80a48500b920da24827332938d.gif
INFO: [ app_init ] --START--
INFO: Run Behavior\BuildLiteBehavior [ RunTime:0.000015s ]
INFO: [ app_init ] --END-- [ RunTime:0.000345s ]
ERR: 无法加载模块:D

[ 2016-02-01T14:54:58+08:00 ] 127.0.0.1 /d/file/download/div/2015-06-28/c634c5e6111938d024804f018f5558b7.jpg
INFO: [ app_init ] --START--
INFO: Run Behavior\BuildLiteBehavior [ RunTime:0.000010s ]
INFO: [ app_init ] --END-- [ RunTime:0.000218s ]
ERR: 无法加载模块:D

[ 2016-02-01T14:54:58+08:00 ] 127.0.0.1 /d/file/download/div/2014-09-18/a79ec800b99c6348be21f17b0364621b.jpg
INFO: [ app_init ] --START--
INFO: Run Behavior\BuildLiteBehavior [ RunTime:0.000009s ]
INFO: [ app_init ] --END-- [ RunTime:0.000198s ]
ERR: 无法加载模块:D

[ 2016-02-01T14:54:58+08:00 ] 127.0.0.1 /d/file/download/newsfree/2015-02-01/c9de5278fe86fb581d5cc4f9b690e589.gif
INFO: [ app_init ] --START--
INFO: Run Behavior\BuildLiteBehavior [ RunTime:0.000016s ]
INFO: [ app_init ] --END-- [ RunTime:0.000360s ]
ERR: 无法加载模块:D

[ 2016-02-01T14:54:58+08:00 ] 127.0.0.1 /d/file/jstt/bj/2015-01-09/1d7c3211eba65ca6b328d7f28e10ecc6.jpg
INFO: [ app_init ] --START--
INFO: Run Behavior\BuildLiteBehavior [ RunTime:0.000017s ]
INFO: [ app_init ] --END-- [ RunTime:0.000442s ]
ERR: 无法加载模块:D

[ 2016-02-01T14:54:58+08:00 ] 127.0.0.1 /d/file/jstt/web/2014-01-18/6fe49814982f3624e441334fea1999a4.png
INFO: [ app_init ] --START--
INFO: Run Behavior\BuildLiteBehavior [ RunTime:0.000013s ]
INFO: [ app_init ] --END-- [ RunTime:0.000315s ]
ERR: 无法加载模块:D

[ 2016-02-01T14:54:58+08:00 ] 127.0.0.1 /d/file/jstt/bj/2014-11-06/e45c61e63ef00078e2a594d7bfbe4cbb.jpg
INFO: [ app_init ] --START--
INFO: Run Behavior\BuildLiteBehavior [ RunTime:0.000014s ]
INFO: [ app_init ] --END-- [ RunTime:0.000320s ]
ERR: 无法加载模块:D

[ 2016-02-01T14:54:58+08:00 ] 127.0.0.1 /d/file/jstt/bj/2014-10-18/a0b65d3d8160f90f6556c4dfa3a85a59.jpg
INFO: [ app_init ] --START--
INFO: Run Behavior\BuildLiteBehavior [ RunTime:0.000014s ]
INFO: [ app_init ] --END-- [ RunTime:0.000344s ]
ERR: 无法加载模块:D

[ 2016-02-01T14:54:58+08:00 ] 127.0.0.1 /d/file/jstt/bj/2014-07-10/12fe709dc83e1a0dfec44f7dca0355ac.jpg
INFO: [ app_init ] --START--
INFO: Run Behavior\BuildLiteBehavior [ RunTime:0.000014s ]
INFO: [ app_init ] --END-- [ RunTime:0.000343s ]
ERR: 无法加载模块:D

[ 2016-02-01T14:54:58+08:00 ] 127.0.0.1 /skin/2014/js/silder.js
INFO: [ app_init ] --START--
INFO: Run Behavior\BuildLiteBehavior [ RunTime:0.000017s ]
INFO: [ app_init ] --END-- [ RunTime:0.000625s ]
ERR: 无法加载模块:Skin

[ 2016-02-01T14:54:58+08:00 ] 127.0.0.1 /cpro/ui/i.js
INFO: [ app_init ] --START--
INFO: Run Behavior\BuildLiteBehavior [ RunTime:0.000014s ]
INFO: [ app_init ] --END-- [ RunTime:0.000325s ]
ERR: 无法加载模块:Cpro

[ 2016-02-01T14:54:58+08:00 ] 127.0.0.1 /cpro/ui/cnw.js
INFO: [ app_init ] --START--
INFO: Run Behavior\BuildLiteBehavior [ RunTime:0.000011s ]
INFO: [ app_init ] --END-- [ RunTime:0.000289s ]
ERR: 无法加载模块:Cpro

[ 2016-02-01T14:54:58+08:00 ] 127.0.0.1 /static/api/js/share.js?v=89860593.js?cdnversion=403973
INFO: [ app_init ] --START--
INFO: Run Behavior\BuildLiteBehavior [ RunTime:0.000010s ]
INFO: [ app_init ] --END-- [ RunTime:0.000225s ]
ERR: 无法加载模块:Static

[ 2016-02-01T14:54:58+08:00 ] 127.0.0.1 /skin/blog/images/new.gif
INFO: [ app_init ] --START--
INFO: Run Behavior\BuildLiteBehavior [ RunTime:0.000016s ]
INFO: [ app_init ] --END-- [ RunTime:0.000406s ]
ERR: 无法加载模块:Skin

[ 2016-02-01T14:55:37+08:00 ] 127.0.0.1 /cpro/ui/cnw.js
INFO: [ app_init ] --START--
INFO: Run Behavior\BuildLiteBehavior [ RunTime:0.000015s ]
INFO: [ app_init ] --END-- [ RunTime:0.000343s ]
ERR: 无法加载模块:Cpro

[ 2016-02-01T14:55:37+08:00 ] 127.0.0.1 /cpro/ui/i.js
INFO: [ app_init ] --START--
INFO: Run Behavior\BuildLiteBehavior [ RunTime:0.000017s ]
INFO: [ app_init ] --END-- [ RunTime:0.000339s ]
ERR: 无法加载模块:Cpro

[ 2016-02-01T14:55:37+08:00 ] 127.0.0.1 /d/file/download/div/2015-06-28/c634c5e6111938d024804f018f5558b7.jpg
INFO: [ app_init ] --START--
INFO: Run Behavior\BuildLiteBehavior [ RunTime:0.000015s ]
INFO: [ app_init ] --END-- [ RunTime:0.000354s ]
ERR: 无法加载模块:D

[ 2016-02-01T14:55:37+08:00 ] 127.0.0.1 /skin/2014/js/silder.js
INFO: [ app_init ] --START--
INFO: Run Behavior\BuildLiteBehavior [ RunTime:0.000018s ]
INFO: [ app_init ] --END-- [ RunTime:0.000407s ]
ERR: 无法加载模块:Skin

[ 2016-02-01T14:55:37+08:00 ] 127.0.0.1 /d/file/download/newsfree/2015-06-25/b28d7f80a48500b920da24827332938d.gif
INFO: [ app_init ] --START--
INFO: Run Behavior\BuildLiteBehavior [ RunTime:0.000016s ]
INFO: [ app_init ] --END-- [ RunTime:0.000480s ]
ERR: 无法加载模块:D

[ 2016-02-01T14:55:37+08:00 ] 127.0.0.1 /d/file/download/div/2015-04-10/7d49c3bc8c69c01ece56611f5a7148be.png
INFO: [ app_init ] --START--
INFO: Run Behavior\BuildLiteBehavior [ RunTime:0.000015s ]
INFO: [ app_init ] --END-- [ RunTime:0.000346s ]
ERR: 无法加载模块:D

[ 2016-02-01T14:55:37+08:00 ] 127.0.0.1 /static/api/js/share.js?v=89860593.js?cdnversion=403973
INFO: [ app_init ] --START--
INFO: Run Behavior\BuildLiteBehavior [ RunTime:0.000015s ]
INFO: [ app_init ] --END-- [ RunTime:0.000385s ]
ERR: 无法加载模块:Static

[ 2016-02-01T14:55:37+08:00 ] 127.0.0.1 /d/file/download/newsfree/2015-02-01/c9de5278fe86fb581d5cc4f9b690e589.gif
INFO: [ app_init ] --START--
INFO: Run Behavior\BuildLiteBehavior [ RunTime:0.000013s ]
INFO: [ app_init ] --END-- [ RunTime:0.000316s ]
ERR: 无法加载模块:D

[ 2016-02-01T14:55:37+08:00 ] 127.0.0.1 /d/file/jstt/bj/2014-11-06/e45c61e63ef00078e2a594d7bfbe4cbb.jpg
INFO: [ app_init ] --START--
INFO: Run Behavior\BuildLiteBehavior [ RunTime:0.000016s ]
INFO: [ app_init ] --END-- [ RunTime:0.000329s ]
ERR: 无法加载模块:D

[ 2016-02-01T14:55:37+08:00 ] 127.0.0.1 /d/file/download/div/2014-09-18/a79ec800b99c6348be21f17b0364621b.jpg
INFO: [ app_init ] --START--
INFO: Run Behavior\BuildLiteBehavior [ RunTime:0.000014s ]
INFO: [ app_init ] --END-- [ RunTime:0.000354s ]
ERR: 无法加载模块:D

[ 2016-02-01T14:55:37+08:00 ] 127.0.0.1 /d/file/jstt/bj/2015-01-09/1d7c3211eba65ca6b328d7f28e10ecc6.jpg
INFO: [ app_init ] --START--
INFO: Run Behavior\BuildLiteBehavior [ RunTime:0.000018s ]
INFO: [ app_init ] --END-- [ RunTime:0.001368s ]
ERR: 无法加载模块:D

[ 2016-02-01T14:55:37+08:00 ] 127.0.0.1 /d/file/jstt/web/2014-01-18/6fe49814982f3624e441334fea1999a4.png
INFO: [ app_init ] --START--
INFO: Run Behavior\BuildLiteBehavior [ RunTime:0.000014s ]
INFO: [ app_init ] --END-- [ RunTime:0.000339s ]
ERR: 无法加载模块:D

[ 2016-02-01T14:55:37+08:00 ] 127.0.0.1 /d/file/jstt/bj/2014-10-18/a0b65d3d8160f90f6556c4dfa3a85a59.jpg
INFO: [ app_init ] --START--
INFO: Run Behavior\BuildLiteBehavior [ RunTime:0.000014s ]
INFO: [ app_init ] --END-- [ RunTime:0.000336s ]
ERR: 无法加载模块:D

[ 2016-02-01T14:55:37+08:00 ] 127.0.0.1 /d/file/jstt/bj/2014-07-10/12fe709dc83e1a0dfec44f7dca0355ac.jpg
INFO: [ app_init ] --START--
INFO: Run Behavior\BuildLiteBehavior [ RunTime:0.000057s ]
INFO: [ app_init ] --END-- [ RunTime:0.000582s ]
ERR: 无法加载模块:D

[ 2016-02-01T14:55:37+08:00 ] 127.0.0.1 /skin/blog/images/new.gif
INFO: [ app_init ] --START--
INFO: Run Behavior\BuildLiteBehavior [ RunTime:0.000012s ]
INFO: [ app_init ] --END-- [ RunTime:0.000352s ]
ERR: 无法加载模块:Skin

[ 2016-02-01T14:56:41+08:00 ] 127.0.0.1 /d/file/download/newsfree/2015-06-25/b28d7f80a48500b920da24827332938d.gif
INFO: [ app_init ] --START--
INFO: Run Behavior\BuildLiteBehavior [ RunTime:0.000015s ]
INFO: [ app_init ] --END-- [ RunTime:0.000390s ]
ERR: 无法加载模块:D

[ 2016-02-01T14:56:41+08:00 ] 127.0.0.1 /d/file/jstt/bj/2015-01-09/1d7c3211eba65ca6b328d7f28e10ecc6.jpg
INFO: [ app_init ] --START--
INFO: Run Behavior\BuildLiteBehavior [ RunTime:0.000013s ]
INFO: [ app_init ] --END-- [ RunTime:0.000323s ]
ERR: 无法加载模块:D

[ 2016-02-01T14:56:41+08:00 ] 127.0.0.1 /d/file/jstt/bj/2014-11-06/e45c61e63ef00078e2a594d7bfbe4cbb.jpg
INFO: [ app_init ] --START--
INFO: Run Behavior\BuildLiteBehavior [ RunTime:0.000012s ]
INFO: [ app_init ] --END-- [ RunTime:0.000301s ]
ERR: 无法加载模块:D

[ 2016-02-01T14:56:41+08:00 ] 127.0.0.1 /d/file/download/newsfree/2015-02-01/c9de5278fe86fb581d5cc4f9b690e589.gif
INFO: [ app_init ] --START--
INFO: Run Behavior\BuildLiteBehavior [ RunTime:0.000013s ]
INFO: [ app_init ] --END-- [ RunTime:0.000319s ]
ERR: 无法加载模块:D

[ 2016-02-01T14:56:42+08:00 ] 127.0.0.1 /d/file/jstt/bj/2014-10-18/a0b65d3d8160f90f6556c4dfa3a85a59.jpg
INFO: [ app_init ] --START--
INFO: Run Behavior\BuildLiteBehavior [ RunTime:0.000018s ]
INFO: [ app_init ] --END-- [ RunTime:0.000582s ]
ERR: 无法加载模块:D

[ 2016-02-01T14:56:42+08:00 ] 127.0.0.1 /cpro/ui/cnw.js
INFO: [ app_init ] --START--
INFO: Run Behavior\BuildLiteBehavior [ RunTime:0.000012s ]
INFO: [ app_init ] --END-- [ RunTime:0.000315s ]
ERR: 无法加载模块:Cpro

[ 2016-02-01T14:56:42+08:00 ] 127.0.0.1 /cpro/ui/i.js
INFO: [ app_init ] --START--
INFO: Run Behavior\BuildLiteBehavior [ RunTime:0.000016s ]
INFO: [ app_init ] --END-- [ RunTime:0.000345s ]
ERR: 无法加载模块:Cpro

[ 2016-02-01T14:56:42+08:00 ] 127.0.0.1 /skin/blog/images/new.gif
INFO: [ app_init ] --START--
INFO: Run Behavior\BuildLiteBehavior [ RunTime:0.000041s ]
INFO: [ app_init ] --END-- [ RunTime:0.000779s ]
ERR: 无法加载模块:Skin

[ 2016-02-01T14:56:42+08:00 ] 127.0.0.1 /skin/2014/js/silder.js
INFO: [ app_init ] --START--
INFO: Run Behavior\BuildLiteBehavior [ RunTime:0.000019s ]
INFO: [ app_init ] --END-- [ RunTime:0.000559s ]
ERR: 无法加载模块:Skin

[ 2016-02-01T14:56:42+08:00 ] 127.0.0.1 /static/api/js/share.js?v=89860593.js?cdnversion=403973
INFO: [ app_init ] --START--
INFO: Run Behavior\BuildLiteBehavior [ RunTime:0.000246s ]
INFO: [ app_init ] --END-- [ RunTime:0.000877s ]
ERR: 无法加载模块:Static

[ 2016-02-01T14:56:42+08:00 ] 127.0.0.1 /d/file/jstt/web/2014-01-18/6fe49814982f3624e441334fea1999a4.png
INFO: [ app_init ] --START--
INFO: Run Behavior\BuildLiteBehavior [ RunTime:0.000014s ]
INFO: [ app_init ] --END-- [ RunTime:0.000335s ]
ERR: 无法加载模块:D

[ 2016-02-01T14:56:42+08:00 ] 127.0.0.1 /d/file/jstt/bj/2014-07-10/12fe709dc83e1a0dfec44f7dca0355ac.jpg
INFO: [ app_init ] --START--
INFO: Run Behavior\BuildLiteBehavior [ RunTime:0.000018s ]
INFO: [ app_init ] --END-- [ RunTime:0.000544s ]
ERR: 无法加载模块:D

[ 2016-02-01T14:57:59+08:00 ] 127.0.0.1 /d/file/download/newsfree/2015-02-01/c9de5278fe86fb581d5cc4f9b690e589.gif
INFO: [ app_init ] --START--
INFO: Run Behavior\BuildLiteBehavior [ RunTime:0.000017s ]
INFO: [ app_init ] --END-- [ RunTime:0.000380s ]
ERR: 无法加载模块:D

[ 2016-02-01T14:57:59+08:00 ] 127.0.0.1 /d/file/jstt/web/2014-01-18/6fe49814982f3624e441334fea1999a4.png
INFO: [ app_init ] --START--
INFO: Run Behavior\BuildLiteBehavior [ RunTime:0.000015s ]
INFO: [ app_init ] --END-- [ RunTime:0.000370s ]
ERR: 无法加载模块:D

[ 2016-02-01T14:57:59+08:00 ] 127.0.0.1 /d/file/download/newsfree/2015-06-25/b28d7f80a48500b920da24827332938d.gif
INFO: [ app_init ] --START--
INFO: Run Behavior\BuildLiteBehavior [ RunTime:0.000018s ]
INFO: [ app_init ] --END-- [ RunTime:0.000443s ]
ERR: 无法加载模块:D

[ 2016-02-01T14:57:59+08:00 ] 127.0.0.1 /skin/2014/js/silder.js
INFO: [ app_init ] --START--
INFO: Run Behavior\BuildLiteBehavior [ RunTime:0.000014s ]
INFO: [ app_init ] --END-- [ RunTime:0.000341s ]
ERR: 无法加载模块:Skin

[ 2016-02-01T14:57:59+08:00 ] 127.0.0.1 /cpro/ui/i.js
INFO: [ app_init ] --START--
INFO: Run Behavior\BuildLiteBehavior [ RunTime:0.000017s ]
INFO: [ app_init ] --END-- [ RunTime:0.000378s ]
ERR: 无法加载模块:Cpro

[ 2016-02-01T14:57:59+08:00 ] 127.0.0.1 /skin/blog/images/new.gif
INFO: [ app_init ] --START--
INFO: Run Behavior\BuildLiteBehavior [ RunTime:0.000017s ]
INFO: [ app_init ] --END-- [ RunTime:0.000383s ]
ERR: 无法加载模块:Skin

[ 2016-02-01T14:57:59+08:00 ] 127.0.0.1 /cpro/ui/cnw.js
INFO: [ app_init ] --START--
INFO: Run Behavior\BuildLiteBehavior [ RunTime:0.000012s ]
INFO: [ app_init ] --END-- [ RunTime:0.000329s ]
ERR: 无法加载模块:Cpro

[ 2016-02-01T14:57:59+08:00 ] 127.0.0.1 /static/api/js/share.js?v=89860593.js?cdnversion=403973
INFO: [ app_init ] --START--
INFO: Run Behavior\BuildLiteBehavior [ RunTime:0.000016s ]
INFO: [ app_init ] --END-- [ RunTime:0.000413s ]
ERR: 无法加载模块:Static

[ 2016-02-01T14:59:14+08:00 ] 127.0.0.1 /skin/2014/js/silder.js
INFO: [ app_init ] --START--
INFO: Run Behavior\BuildLiteBehavior [ RunTime:0.000015s ]
INFO: [ app_init ] --END-- [ RunTime:0.000378s ]
ERR: 无法加载模块:Skin

[ 2016-02-01T14:59:14+08:00 ] 127.0.0.1 /cpro/ui/i.js
INFO: [ app_init ] --START--
INFO: Run Behavior\BuildLiteBehavior [ RunTime:0.000020s ]
INFO: [ app_init ] --END-- [ RunTime:0.000469s ]
ERR: 无法加载模块:Cpro

[ 2016-02-01T14:59:14+08:00 ] 127.0.0.1 /cpro/ui/cnw.js
INFO: [ app_init ] --START--
INFO: Run Behavior\BuildLiteBehavior [ RunTime:0.000017s ]
INFO: [ app_init ] --END-- [ RunTime:0.000459s ]
ERR: 无法加载模块:Cpro

[ 2016-02-01T14:59:14+08:00 ] 127.0.0.1 /static/api/js/share.js?v=89860593.js?cdnversion=403973
INFO: [ app_init ] --START--
INFO: Run Behavior\BuildLiteBehavior [ RunTime:0.000016s ]
INFO: [ app_init ] --END-- [ RunTime:0.000479s ]
ERR: 无法加载模块:Static

[ 2016-02-01T14:59:14+08:00 ] 127.0.0.1 /skin/blog/images/new.gif
INFO: [ app_init ] --START--
INFO: Run Behavior\BuildLiteBehavior [ RunTime:0.000015s ]
INFO: [ app_init ] --END-- [ RunTime:0.000466s ]
ERR: 无法加载模块:Skin

[ 2016-02-01T14:59:14+08:00 ] 127.0.0.1 /d/file/jstt/web/2014-01-18/6fe49814982f3624e441334fea1999a4.png
INFO: [ app_init ] --START--
INFO: Run Behavior\BuildLiteBehavior [ RunTime:0.000017s ]
INFO: [ app_init ] --END-- [ RunTime:0.000453s ]
ERR: 无法加载模块:D

[ 2016-02-01T15:00:47+08:00 ] 127.0.0.1 /skin/2014/js/silder.js
INFO: [ app_init ] --START--
INFO: Run Behavior\BuildLiteBehavior [ RunTime:0.000016s ]
INFO: [ app_init ] --END-- [ RunTime:0.000393s ]
ERR: 无法加载模块:Skin

[ 2016-02-01T15:00:47+08:00 ] 127.0.0.1 /cpro/ui/i.js
INFO: [ app_init ] --START--
INFO: Run Behavior\BuildLiteBehavior [ RunTime:0.000015s ]
INFO: [ app_init ] --END-- [ RunTime:0.000373s ]
ERR: 无法加载模块:Cpro

[ 2016-02-01T15:00:47+08:00 ] 127.0.0.1 /cpro/ui/cnw.js
INFO: [ app_init ] --START--
INFO: Run Behavior\BuildLiteBehavior [ RunTime:0.000017s ]
INFO: [ app_init ] --END-- [ RunTime:0.000393s ]
ERR: 无法加载模块:Cpro

[ 2016-02-01T15:00:47+08:00 ] 127.0.0.1 /static/api/js/share.js?v=89860593.js?cdnversion=403974
INFO: [ app_init ] --START--
INFO: Run Behavior\BuildLiteBehavior [ RunTime:0.000017s ]
INFO: [ app_init ] --END-- [ RunTime:0.000387s ]
ERR: 无法加载模块:Static

[ 2016-02-01T15:00:47+08:00 ] 127.0.0.1 /skin/blog/images/new.gif
INFO: [ app_init ] --START--
INFO: Run Behavior\BuildLiteBehavior [ RunTime:0.000020s ]
INFO: [ app_init ] --END-- [ RunTime:0.000463s ]
ERR: 无法加载模块:Skin

[ 2016-02-01T15:00:47+08:00 ] 127.0.0.1 /d/file/jstt/web/2014-01-18/6fe49814982f3624e441334fea1999a4.png
INFO: [ app_init ] --START--
INFO: Run Behavior\BuildLiteBehavior [ RunTime:0.000016s ]
INFO: [ app_init ] --END-- [ RunTime:0.000371s ]
ERR: 无法加载模块:D

[ 2016-02-01T15:01:03+08:00 ] 127.0.0.1 /cpro/ui/i.js
INFO: [ app_init ] --START--
INFO: Run Behavior\BuildLiteBehavior [ RunTime:0.000017s ]
INFO: [ app_init ] --END-- [ RunTime:0.000392s ]
ERR: 无法加载模块:Cpro

[ 2016-02-01T15:01:03+08:00 ] 127.0.0.1 /cpro/ui/cnw.js
INFO: [ app_init ] --START--
INFO: Run Behavior\BuildLiteBehavior [ RunTime:0.000011s ]
INFO: [ app_init ] --END-- [ RunTime:0.000322s ]
ERR: 无法加载模块:Cpro

[ 2016-02-01T15:01:03+08:00 ] 127.0.0.1 /skin/2014/js/silder.js
INFO: [ app_init ] --START--
INFO: Run Behavior\BuildLiteBehavior [ RunTime:0.000016s ]
INFO: [ app_init ] --END-- [ RunTime:0.000429s ]
ERR: 无法加载模块:Skin

[ 2016-02-01T15:01:03+08:00 ] 127.0.0.1 /static/api/js/share.js?v=89860593.js?cdnversion=403974
INFO: [ app_init ] --START--
INFO: Run Behavior\BuildLiteBehavior [ RunTime:0.000015s ]
INFO: [ app_init ] --END-- [ RunTime:0.000340s ]
ERR: 无法加载模块:Static

[ 2016-02-01T15:01:03+08:00 ] 127.0.0.1 /skin/blog/images/new.gif
INFO: [ app_init ] --START--
INFO: Run Behavior\BuildLiteBehavior [ RunTime:0.000016s ]
INFO: [ app_init ] --END-- [ RunTime:0.000371s ]
ERR: 无法加载模块:Skin

[ 2016-02-01T15:03:36+08:00 ] 127.0.0.1 /cpro/ui/i.js
INFO: [ app_init ] --START--
INFO: Run Behavior\BuildLiteBehavior [ RunTime:0.000014s ]
INFO: [ app_init ] --END-- [ RunTime:0.000335s ]
ERR: 无法加载模块:Cpro

[ 2016-02-01T15:03:36+08:00 ] 127.0.0.1 /cpro/ui/cnw.js
INFO: [ app_init ] --START--
INFO: Run Behavior\BuildLiteBehavior [ RunTime:0.000015s ]
INFO: [ app_init ] --END-- [ RunTime:0.000449s ]
ERR: 无法加载模块:Cpro

[ 2016-02-01T15:03:36+08:00 ] 127.0.0.1 /skin/blog/images/new.gif
INFO: [ app_init ] --START--
INFO: Run Behavior\BuildLiteBehavior [ RunTime:0.000017s ]
INFO: [ app_init ] --END-- [ RunTime:0.000387s ]
ERR: 无法加载模块:Skin

[ 2016-02-01T15:03:36+08:00 ] 127.0.0.1 /static/api/js/share.js?v=89860593.js?cdnversion=403974
INFO: [ app_init ] --START--
INFO: Run Behavior\BuildLiteBehavior [ RunTime:0.000013s ]
INFO: [ app_init ] --END-- [ RunTime:0.000389s ]
ERR: 无法加载模块:Static

[ 2016-02-01T15:03:36+08:00 ] 127.0.0.1 /skin/2014/js/silder.js
INFO: [ app_init ] --START--
INFO: Run Behavior\BuildLiteBehavior [ RunTime:0.000015s ]
INFO: [ app_init ] --END-- [ RunTime:0.000359s ]
ERR: 无法加载模块:Skin

[ 2016-02-01T15:04:05+08:00 ] 127.0.0.1 /cpro/ui/i.js
INFO: [ app_init ] --START--
INFO: Run Behavior\BuildLiteBehavior [ RunTime:0.000017s ]
INFO: [ app_init ] --END-- [ RunTime:0.000348s ]
ERR: 无法加载模块:Cpro

[ 2016-02-01T15:04:05+08:00 ] 127.0.0.1 /skin/2014/js/silder.js
INFO: [ app_init ] --START--
INFO: Run Behavior\BuildLiteBehavior [ RunTime:0.000017s ]
INFO: [ app_init ] --END-- [ RunTime:0.000609s ]
ERR: 无法加载模块:Skin

[ 2016-02-01T15:04:05+08:00 ] 127.0.0.1 /cpro/ui/cnw.js
INFO: [ app_init ] --START--
INFO: Run Behavior\BuildLiteBehavior [ RunTime:0.000015s ]
INFO: [ app_init ] --END-- [ RunTime:0.000391s ]
ERR: 无法加载模块:Cpro

[ 2016-02-01T15:04:05+08:00 ] 127.0.0.1 /skin/blog/images/new.gif
INFO: [ app_init ] --START--
INFO: Run Behavior\BuildLiteBehavior [ RunTime:0.000017s ]
INFO: [ app_init ] --END-- [ RunTime:0.000424s ]
ERR: 无法加载模块:Skin

[ 2016-02-01T15:04:05+08:00 ] 127.0.0.1 /static/api/js/share.js?v=89860593.js?cdnversion=403974
INFO: [ app_init ] --START--
INFO: Run Behavior\BuildLiteBehavior [ RunTime:0.000013s ]
INFO: [ app_init ] --END-- [ RunTime:0.000427s ]
ERR: 无法加载模块:Static

[ 2016-02-01T16:58:05+08:00 ] 127.0.0.1 /Public/admin/admin/index
INFO: [ app_init ] --START--
INFO: Run Behavior\BuildLiteBehavior [ RunTime:0.000023s ]
INFO: [ app_init ] --END-- [ RunTime:0.000319s ]
ERR: 无法加载模块:Public

